2025-11-19 14:50:02.852 [info] [main] Log level: Info
2025-11-19 14:50:02.852 [info] [main] Validating found git in: "git"
2025-11-19 14:50:02.852 [info] [main] Using git "2.43.0" from "git"
2025-11-19 14:50:02.852 [info] [Model][doInitialScan] Initial repository scan started
2025-11-19 14:50:02.852 [info] > git rev-parse --show-toplevel [6ms]
2025-11-19 14:50:02.852 [info] fatal: not a git repository (or any parent up to mount point /)
Stopping at filesystem boundary (GIT_DISCOVERY_ACROSS_FILESYSTEM not set).
2025-11-19 14:50:02.852 [info] > git rev-parse --show-toplevel [2ms]
2025-11-19 14:50:02.852 [info] fatal: not a git repository (or any parent up to mount point /)
Stopping at filesystem boundary (GIT_DISCOVERY_ACROSS_FILESYSTEM not set).
2025-11-19 14:50:02.852 [info] > git rev-parse --show-toplevel [2ms]
2025-11-19 14:50:02.852 [info] fatal: not a git repository (or any parent up to mount point /)
Stopping at filesystem boundary (GIT_DISCOVERY_ACROSS_FILESYSTEM not set).
2025-11-19 14:50:02.852 [info] > git rev-parse --show-toplevel [10ms]
2025-11-19 14:50:02.852 [info] fatal: not a git repository (or any parent up to mount point /)
Stopping at filesystem boundary (GIT_DISCOVERY_ACROSS_FILESYSTEM not set).
2025-11-19 14:50:02.857 [info] > git rev-parse --show-toplevel [6ms]
2025-11-19 14:50:02.857 [info] fatal: not a git repository (or any parent up to mount point /)
Stopping at filesystem boundary (GIT_DISCOVERY_ACROSS_FILESYSTEM not set).
2025-11-19 14:50:02.884 [info] > git rev-parse --show-toplevel [20ms]
2025-11-19 14:50:02.884 [info] fatal: not a git repository (or any parent up to mount point /)
Stopping at filesystem boundary (GIT_DISCOVERY_ACROSS_FILESYSTEM not set).
2025-11-19 14:50:02.893 [info] > git rev-parse --show-toplevel [3ms]
2025-11-19 14:50:02.893 [info] fatal: not a git repository (or any parent up to mount point /)
Stopping at filesystem boundary (GIT_DISCOVERY_ACROSS_FILESYSTEM not set).
2025-11-19 14:50:02.899 [info] > git rev-parse --show-toplevel [2ms]
2025-11-19 14:50:02.899 [info] fatal: not a git repository (or any parent up to mount point /)
Stopping at filesystem boundary (GIT_DISCOVERY_ACROSS_FILESYSTEM not set).
2025-11-19 14:50:02.905 [info] > git rev-parse --show-toplevel [3ms]
2025-11-19 14:50:02.905 [info] fatal: not a git repository (or any parent up to mount point /)
Stopping at filesystem boundary (GIT_DISCOVERY_ACROSS_FILESYSTEM not set).
2025-11-19 14:50:02.913 [info] > git rev-parse --show-toplevel [1ms]
2025-11-19 14:50:02.913 [info] fatal: not a git repository (or any parent up to mount point /)
Stopping at filesystem boundary (GIT_DISCOVERY_ACROSS_FILESYSTEM not set).
2025-11-19 14:50:02.919 [info] > git rev-parse --show-toplevel [2ms]
2025-11-19 14:50:02.919 [info] fatal: not a git repository (or any parent up to mount point /)
Stopping at filesystem boundary (GIT_DISCOVERY_ACROSS_FILESYSTEM not set).
2025-11-19 14:50:02.926 [info] > git rev-parse --show-toplevel [1ms]
2025-11-19 14:50:02.926 [info] fatal: not a git repository (or any parent up to mount point /)
Stopping at filesystem boundary (GIT_DISCOVERY_ACROSS_FILESYSTEM not set).
2025-11-19 14:50:02.934 [info] > git rev-parse --show-toplevel [1ms]
2025-11-19 14:50:02.934 [info] fatal: not a git repository (or any parent up to mount point /)
Stopping at filesystem boundary (GIT_DISCOVERY_ACROSS_FILESYSTEM not set).
2025-11-19 14:50:02.943 [info] > git rev-parse --show-toplevel [3ms]
2025-11-19 14:50:02.943 [info] fatal: not a git repository (or any parent up to mount point /)
Stopping at filesystem boundary (GIT_DISCOVERY_ACROSS_FILESYSTEM not set).
2025-11-19 14:50:02.944 [info] [Model][doInitialScan] Initial repository scan completed - repositories (0), closed repositories (0), parent repositories (0), unsafe repositories (0)
2025-11-19 14:50:03.046 [info] > git rev-parse --show-toplevel [2ms]
2025-11-19 14:50:03.046 [info] fatal: not a git repository (or any parent up to mount point /)
Stopping at filesystem boundary (GIT_DISCOVERY_ACROSS_FILESYSTEM not set).
2025-11-19 14:50:08.237 [info] > git rev-parse --show-toplevel [12ms]
2025-11-19 14:50:08.238 [info] fatal: not a git repository (or any parent up to mount point /)
Stopping at filesystem boundary (GIT_DISCOVERY_ACROSS_FILESYSTEM not set).
