2025-11-19 14:53:17.438 [info] [main] Log level: Info
2025-11-19 14:53:17.438 [info] [main] Validating found git in: "git"
2025-11-19 14:53:17.438 [info] [main] Using git "2.43.0" from "git"
2025-11-19 14:53:17.438 [info] [Model][doInitialScan] Initial repository scan started
2025-11-19 14:53:17.438 [info] > git rev-parse --show-toplevel [1042ms]
2025-11-19 14:53:17.438 [info] fatal: not a git repository (or any parent up to mount point /)
Stopping at filesystem boundary (GIT_DISCOVERY_ACROSS_FILESYSTEM not set).
2025-11-19 14:53:18.257 [info] > git rev-parse --show-toplevel [57ms]
2025-11-19 14:53:18.257 [info] fatal: not a git repository (or any parent up to mount point /)
Stopping at filesystem boundary (GIT_DISCOVERY_ACROSS_FILESYSTEM not set).
2025-11-19 14:53:18.378 [info] > git rev-parse --show-toplevel [92ms]
2025-11-19 14:53:18.378 [info] fatal: not a git repository (or any parent up to mount point /)
Stopping at filesystem boundary (GIT_DISCOVERY_ACROSS_FILESYSTEM not set).
2025-11-19 14:53:18.436 [info] > git rev-parse --show-toplevel [25ms]
2025-11-19 14:53:18.437 [info] fatal: not a git repository (or any parent up to mount point /)
Stopping at filesystem boundary (GIT_DISCOVERY_ACROSS_FILESYSTEM not set).
2025-11-19 14:53:18.468 [info] > git rev-parse --show-toplevel [7ms]
2025-11-19 14:53:18.468 [info] fatal: not a git repository (or any parent up to mount point /)
Stopping at filesystem boundary (GIT_DISCOVERY_ACROSS_FILESYSTEM not set).
2025-11-19 14:53:18.561 [info] > git rev-parse --show-toplevel [37ms]
2025-11-19 14:53:18.561 [info] fatal: not a git repository (or any parent up to mount point /)
Stopping at filesystem boundary (GIT_DISCOVERY_ACROSS_FILESYSTEM not set).
2025-11-19 14:53:18.606 [info] > git rev-parse --show-toplevel [11ms]
2025-11-19 14:53:18.606 [info] fatal: not a git repository (or any parent up to mount point /)
Stopping at filesystem boundary (GIT_DISCOVERY_ACROSS_FILESYSTEM not set).
2025-11-19 14:53:18.640 [info] > git rev-parse --show-toplevel [12ms]
2025-11-19 14:53:18.640 [info] fatal: not a git repository (or any parent up to mount point /)
Stopping at filesystem boundary (GIT_DISCOVERY_ACROSS_FILESYSTEM not set).
2025-11-19 14:53:18.641 [info] [Model][doInitialScan] Initial repository scan completed - repositories (0), closed repositories (0), parent repositories (0), unsafe repositories (0)
