2025-11-19 15:11:12.172 [info] [main] Log level: Info
2025-11-19 15:11:12.172 [info] [main] Validating found git in: "git"
2025-11-19 15:11:12.172 [info] [main] Using git "2.43.0" from "git"
2025-11-19 15:11:12.172 [info] [Model][doInitialScan] Initial repository scan started
2025-11-19 15:11:12.172 [info] > git rev-parse --show-toplevel [8ms]
2025-11-19 15:11:12.172 [info] fatal: not a git repository (or any parent up to mount point /)
Stopping at filesystem boundary (GIT_DISCOVERY_ACROSS_FILESYSTEM not set).
2025-11-19 15:11:14.378 [info] > git rev-parse --show-toplevel [2199ms]
2025-11-19 15:11:14.378 [info] fatal: not a git repository (or any parent up to mount point /)
Stopping at filesystem boundary (GIT_DISCOVERY_ACROSS_FILESYSTEM not set).
2025-11-19 15:11:14.674 [info] > git rev-parse --show-toplevel [217ms]
2025-11-19 15:11:14.674 [info] fatal: not a git repository (or any parent up to mount point /)
Stopping at filesystem boundary (GIT_DISCOVERY_ACROSS_FILESYSTEM not set).
2025-11-19 15:11:15.123 [info] > git rev-parse --show-toplevel [34ms]
2025-11-19 15:11:15.123 [info] fatal: not a git repository (or any parent up to mount point /)
Stopping at filesystem boundary (GIT_DISCOVERY_ACROSS_FILESYSTEM not set).
2025-11-19 15:11:15.162 [info] > git rev-parse --show-toplevel [23ms]
2025-11-19 15:11:15.162 [info] fatal: not a git repository (or any parent up to mount point /)
Stopping at filesystem boundary (GIT_DISCOVERY_ACROSS_FILESYSTEM not set).
2025-11-19 15:11:15.202 [info] > git rev-parse --show-toplevel [26ms]
2025-11-19 15:11:15.202 [info] fatal: not a git repository (or any parent up to mount point /)
Stopping at filesystem boundary (GIT_DISCOVERY_ACROSS_FILESYSTEM not set).
2025-11-19 15:11:15.215 [info] > git rev-parse --show-toplevel [3ms]
2025-11-19 15:11:15.215 [info] fatal: not a git repository (or any parent up to mount point /)
Stopping at filesystem boundary (GIT_DISCOVERY_ACROSS_FILESYSTEM not set).
2025-11-19 15:11:15.226 [info] > git rev-parse --show-toplevel [2ms]
2025-11-19 15:11:15.226 [info] fatal: not a git repository (or any parent up to mount point /)
Stopping at filesystem boundary (GIT_DISCOVERY_ACROSS_FILESYSTEM not set).
2025-11-19 15:11:15.227 [info] [Model][doInitialScan] Initial repository scan completed - repositories (0), closed repositories (0), parent repositories (0), unsafe repositories (0)
2025-11-19 15:11:15.983 [info] > git rev-parse --show-toplevel [39ms]
2025-11-19 15:11:15.984 [info] fatal: not a git repository (or any parent up to mount point /)
Stopping at filesystem boundary (GIT_DISCOVERY_ACROSS_FILESYSTEM not set).
2025-11-19 15:11:34.935 [info] > git rev-parse --show-toplevel [5ms]
2025-11-19 15:11:34.935 [info] fatal: not a git repository (or any parent up to mount point /)
Stopping at filesystem boundary (GIT_DISCOVERY_ACROSS_FILESYSTEM not set).
2025-11-19 15:11:51.734 [info] > git rev-parse --show-toplevel [3ms]
2025-11-19 15:11:51.735 [info] fatal: not a git repository (or any parent up to mount point /)
Stopping at filesystem boundary (GIT_DISCOVERY_ACROSS_FILESYSTEM not set).
2025-11-19 15:12:50.910 [info] > git rev-parse --show-toplevel [8ms]
2025-11-19 15:12:50.910 [info] fatal: not a git repository (or any parent up to mount point /)
Stopping at filesystem boundary (GIT_DISCOVERY_ACROSS_FILESYSTEM not set).
2025-11-19 15:15:17.952 [info] > git rev-parse --show-toplevel [6ms]
2025-11-19 15:15:17.952 [info] fatal: not a git repository (or any parent up to mount point /)
Stopping at filesystem boundary (GIT_DISCOVERY_ACROSS_FILESYSTEM not set).
2025-11-19 15:16:15.655 [info] > git rev-parse --show-toplevel [4ms]
2025-11-19 15:16:15.655 [info] fatal: not a git repository (or any parent up to mount point /)
Stopping at filesystem boundary (GIT_DISCOVERY_ACROSS_FILESYSTEM not set).
2025-11-19 15:16:46.430 [info] > git rev-parse --show-toplevel [4ms]
2025-11-19 15:16:46.431 [info] fatal: not a git repository (or any parent up to mount point /)
Stopping at filesystem boundary (GIT_DISCOVERY_ACROSS_FILESYSTEM not set).
2025-11-19 15:17:18.566 [info] > git rev-parse --show-toplevel [3ms]
2025-11-19 15:17:18.566 [info] fatal: not a git repository (or any parent up to mount point /)
Stopping at filesystem boundary (GIT_DISCOVERY_ACROSS_FILESYSTEM not set).
2025-11-19 15:18:16.385 [info] > git rev-parse --show-toplevel [4ms]
2025-11-19 15:18:16.385 [info] fatal: not a git repository (or any parent up to mount point /)
Stopping at filesystem boundary (GIT_DISCOVERY_ACROSS_FILESYSTEM not set).
2025-11-19 15:18:20.063 [info] > git rev-parse --show-toplevel [5ms]
2025-11-19 15:18:20.063 [info] fatal: not a git repository (or any parent up to mount point /)
Stopping at filesystem boundary (GIT_DISCOVERY_ACROSS_FILESYSTEM not set).
2025-11-19 15:18:20.794 [info] > git rev-parse --show-toplevel [2ms]
2025-11-19 15:18:20.794 [info] fatal: not a git repository (or any parent up to mount point /)
Stopping at filesystem boundary (GIT_DISCOVERY_ACROSS_FILESYSTEM not set).
2025-11-19 15:21:35.738 [info] > git rev-parse --show-toplevel [3ms]
2025-11-19 15:21:35.738 [info] fatal: not a git repository (or any parent up to mount point /)
Stopping at filesystem boundary (GIT_DISCOVERY_ACROSS_FILESYSTEM not set).
2025-11-19 15:28:11.539 [info] > git rev-parse --show-toplevel [3ms]
2025-11-19 15:28:11.539 [info] fatal: not a git repository (or any parent up to mount point /)
Stopping at filesystem boundary (GIT_DISCOVERY_ACROSS_FILESYSTEM not set).
2025-11-19 15:58:16.908 [info] > git rev-parse --show-toplevel [4ms]
2025-11-19 15:58:16.908 [info] fatal: not a git repository (or any parent up to mount point /)
Stopping at filesystem boundary (GIT_DISCOVERY_ACROSS_FILESYSTEM not set).
2025-11-19 15:59:00.654 [info] > git rev-parse --show-toplevel [5ms]
2025-11-19 15:59:00.654 [info] fatal: not a git repository (or any parent up to mount point /)
Stopping at filesystem boundary (GIT_DISCOVERY_ACROSS_FILESYSTEM not set).
2025-11-19 15:59:03.735 [info] > git rev-parse --show-toplevel [2ms]
2025-11-19 15:59:03.735 [info] fatal: not a git repository (or any parent up to mount point /)
Stopping at filesystem boundary (GIT_DISCOVERY_ACROSS_FILESYSTEM not set).
2025-11-19 15:59:43.457 [info] > git rev-parse --show-toplevel [4ms]
2025-11-19 15:59:43.457 [info] fatal: not a git repository (or any parent up to mount point /)
Stopping at filesystem boundary (GIT_DISCOVERY_ACROSS_FILESYSTEM not set).
2025-11-19 16:03:56.286 [info] > git rev-parse --show-toplevel [2ms]
2025-11-19 16:03:56.320 [info] > git rev-parse --git-dir --git-common-dir --show-superproject-working-tree [26ms]
2025-11-19 16:03:56.336 [info] [Model][openRepository] Opened repository (path): /home/doghriyassine0
2025-11-19 16:03:56.336 [info] [Model][openRepository] Opened repository (real path): /home/doghriyassine0
2025-11-19 16:03:56.336 [info] [Model][openRepository] Opened repository (kind): repository
2025-11-19 16:03:56.357 [info] [Git][getRemotes] No remotes found in the git config file
2025-11-19 16:03:56.358 [info] > git config --get commit.template [11ms]
2025-11-19 16:03:56.359 [info] > git for-each-ref --format=%(refname)%00%(upstream:short)%00%(objectname)%00%(upstream:track)%00%(upstream:remotename)%00%(upstream:remoteref) refs/heads/master refs/remotes/master [4ms]
2025-11-19 16:03:56.360 [warning] [Git][getBranch] No such branch: master
2025-11-19 16:03:56.383 [info] > git status -z -uall [15ms]
2025-11-19 16:03:56.385 [info] > git for-each-ref --sort -committerdate --format %(refname)%00%(objectname)%00%(*objectname) [6ms]
2025-11-19 16:03:56.428 [info] > git for-each-ref --format=%(refname)%00%(upstream:short)%00%(objectname)%00%(upstream:track)%00%(upstream:remotename)%00%(upstream:remoteref) refs/heads/master refs/remotes/master [23ms]
2025-11-19 16:03:56.428 [warning] [Git][getBranch] No such branch: master
2025-11-19 16:03:56.429 [error] [GitHistoryProvider][resolveHEADMergeBase] Failed to resolve merge base for master: Error: No such branch: master.
2025-11-19 16:03:56.476 [info] > git config --get commit.template [55ms]
2025-11-19 16:03:56.489 [info] [Git][getRemotes] No remotes found in the git config file
2025-11-19 16:03:56.490 [info] > git for-each-ref --format=%(refname)%00%(upstream:short)%00%(objectname)%00%(upstream:track)%00%(upstream:remotename)%00%(upstream:remoteref) refs/heads/master refs/remotes/master [1ms]
2025-11-19 16:03:56.490 [warning] [Git][getBranch] No such branch: master
2025-11-19 16:03:56.511 [info] > git status -z -uall [12ms]
2025-11-19 16:03:56.513 [info] > git for-each-ref --sort -committerdate --format %(refname)%00%(objectname)%00%(*objectname) [5ms]
2025-11-19 16:03:56.937 [info] > git check-ignore -v -z --stdin [3ms]
